<?xml version="1.0" encoding="UTF-8"?>
<!-- Generated by org.testng.reporters.JUnitXMLReporter -->
<testsuite hostname="NikhilM2-MSL1" ignored="0" name="Default test" tests="4" failures="0" timestamp="08 Jun 2018 14:08:33 GMT" time="60.489" errors="0">
  <testcase name="checkUserProfile" time="0.1" classname="com.framework.CRM.test.HomeTest"/>
  <testcase name="clickOnCalender" time="0.196" classname="com.framework.CRM.test.HomeTest"/>
  <testcase name="clickonCompanies" time="1.257" classname="com.framework.CRM.test.HomeTest"/>
  <testcase name="clickOnContact" time="1.064" classname="com.framework.CRM.test.HomeTest"/>
</testsuite> <!-- Default test -->
