<?xml version="1.0" encoding="UTF-8"?>
<testng-results skipped="0" failed="0" ignored="0" total="0" passed="0">
  <reporter-output>
  </reporter-output>
  <suite name="com.framework.CRM.AppTest" duration-ms="5" started-at="2018-06-08T13:57:23Z" finished-at="2018-06-08T13:57:23Z">
    <groups>
    </groups>
    <test name="Command line test" duration-ms="5" started-at="2018-06-08T13:57:23Z" finished-at="2018-06-08T13:57:23Z">
    </test> <!-- Command line test -->
  </suite> <!-- com.framework.CRM.AppTest -->
</testng-results>
